# JDK-8367325: [s390x] build failure due to JDK-8361376

## 基本信息

| 属性 | 值 |
|------|-----|
| **Issue** | [JDK-8367325](https://bugs.openjdk.org/browse/JDK-8367325) |
| **PR** | [#27213](https://github.com/openjdk/jdk/pull/27213) |
| **Author** | offamitkumar |
| **组织** | IBM |
| **Created** | 2025-09-11 |
| **Merged** | 2025-09-19 |
| **审查天数** | 8 |
| **版本** | JDK 26 |
| **优先级** | P1 |
| **组件** | hotspot |
| **代码变更** | +32 / -10 (3 文件) |
| **审查者** | TheRealMDoerr, dean-long, offamitkumar (3 人) |

## PR 描述

Fixes the SIGLL caused after [JDK-8361376](https://bugs.openjdk.org/browse/JDK-8361376). 

Issue was with `cs` instruction, which requires the address to be aligned. And after this change address at which operating was not aligned.

Wisdom from Principle of Z Operations: 

Sytax: CS R<sub>1</sub>,R<sub>3</sub>,D<sub>2</sub>(B<sub>2</sub>)

Sytax: CSY R<sub>1</sub>,R<sub>3</sub>,D<sub>2</sub>(B<sub>2</sub>)

`
The second operand of COMPARE AND SWAP (CS, CSY) must be designated on a word boundary.
`


```cpp
=> 0x3fffc3149ba <_ZN17BarrierSetNMethod15set_guard_valueEP7nmethodii+266>: cs %r1,%r4,0(%r3)
(gdb) i r r3
r3             0x3ffe500017a       4397593526650
(gdb) p ($r3 % 8) 
$5 = 2
(gdb) si 

Thread 16 "C1 CompilerThre" received signal SIGILL, Illegal instruction.
NativeMethodBarrier::set_guard_value (bit_mask=2147483647, value=1, this=0x3ffe5000166)
    at /home/amit/jdk/src/hotspot/cpu/s390/gc/shared/barrierSetNMethod_s390.cpp:74
74         if (v == old_value) break;
```

<!-- Anything below this marker will be automatically updated, please do not edit manually! -->
---------
### Progress
- [x] Change must be properly reviewed (1 review required, with at least 1 [Reviewer](https://openjdk.org/bylaws#reviewer))
- [x] Change must not contain extraneous whitespace
- [x] Commit message must refer to an issue

### Issue
 * [JDK-8367325](https://bugs.openjdk.org/browse/JDK-8367325): [s390x] build failure due to JDK-8361376 (**Bug** - P1)


### Review

...(截断)

## 变更文件

| 文件 | 状态 | +/- |
|------|------|-----|
| src/hotspot/cpu/s390/gc/shared/barrierSetAssembler_s390.cpp | modified | +1/-0 |
| src/hotspot/cpu/s390/gc/shared/barrierSetAssembler_s390.hpp | modified | +8/-0 |
| src/hotspot/cpu/s390/gc/shared/barrierSetNMethod_s390.cpp | modified | +23/-10 |

## 审查讨论摘要

- **dean-long**: Thanks for fixing this.  Rather than aligning at the start, wouldn't it be more maintainable to do `__ align(4, offset() + 2);` before the z_cfi?
- **TheRealMDoerr**: That would require much more changes. The barrier sequence is expected to have a fixed size.
- **dean-long**: OK, then how about we align the beginning using ` __ align(4, offset() + 3*6 + 2);` to make it more self-documenting?

---

> **数据来源**: GitHub API + JBS | **生成时间**: 2026-03-25
